<?xml version="1.0" encoding="UTF-8"?>
<!-- Generated by org.testng.reporters.JUnitReportReporter -->
<testsuite hostname="DESKTOP-IATHA5F" failures="0" tests="1" name="automation.SeleniumTest" time="12.325" errors="0" timestamp="26 abr. 2021 04:05:14 GMT" skipped="0">
  <testcase classname="automation.SeleniumTest" name="searchTvShow" time="12.325"/>
</testsuite> <!-- automation.SeleniumTest -->
